<?xml version="1.0" encoding="UTF-8"?>
<!-- Generated by org.testng.reporters.JUnitReportReporter -->
<testsuite hostname="DESKTOP-95104MM" failures="0" tests="1" name="com.rKumar.MavenAutomationPractice.SeleniumTest" time="25.209" errors="0" timestamp="2021-07-28T17:20:10 IST" skipped="0">
  <testcase classname="com.rKumar.MavenAutomationPractice.SeleniumTest" name="practicePage" time="25.209"/>
  <system-out/>
</testsuite> <!-- com.rKumar.MavenAutomationPractice.SeleniumTest -->
